<?xml version="1.0" encoding="UTF-8"?>
<!-- Generated by org.testng.reporters.JUnitReportReporter -->
<testsuite hostname="REM-LT-230109C" failures="0" tests="1" name="com.unosquare.FirstAPITest" time="2.955" errors="0" timestamp="2023-02-23T14:22:48 CST" skipped="0">
  <testcase classname="com.unosquare.FirstAPITest" name="f" time="2.955"/>
  <system-out>
    <![CDATA[Sucess 200 validation]]>
  </system-out>
</testsuite> <!-- com.unosquare.FirstAPITest -->
