<?xml version="1.0" encoding="UTF-8"?>
<!-- Generated by org.testng.reporters.JUnitReportReporter -->
<testsuite hostname="REM-LT-230109C" failures="0" tests="1" name="com.unosquare.FirstPut" time="1.719" errors="0" timestamp="2023-02-23T14:27:13 CST" skipped="0">
  <testcase classname="com.unosquare.FirstPut" name="f" time="1.719"/>
  <system-out/>
</testsuite> <!-- com.unosquare.FirstPut -->
