<?xml version="1.0" encoding="UTF-8"?>
<!-- Generated by org.testng.reporters.JUnitReportReporter -->
<testsuite hostname="REM-LT-230109C" failures="0" tests="4" name="com.unosquare.Encapsulation" time="4.818" errors="0" timestamp="2023-02-26T02:21:00 CST" skipped="0">
  <testcase classname="com.unosquare.Encapsulation" name="Gets" time="1.914"/>
  <system-out/>
  <testcase classname="com.unosquare.Encapsulation" name="Posts" time="1.878"/>
  <system-out/>
  <testcase classname="com.unosquare.Encapsulation" name="PostLogin" time="0.550"/>
  <system-out/>
  <testcase classname="com.unosquare.Encapsulation" name="Puts" time="0.476"/>
  <system-out/>
</testsuite> <!-- com.unosquare.Encapsulation -->
