<?xml version="1.0" encoding="UTF-8"?>
<!-- Generated by org.testng.reporters.JUnitReportReporter -->
<testsuite hostname="REM-LT-230109C" failures="0" tests="1" name="com.unosquare.FirstPostClass" time="2.252" errors="0" timestamp="2023-02-24T12:21:15 CST" skipped="0">
  <testcase classname="com.unosquare.FirstPostClass" name="f" time="2.252"/>
  <system-out/>
</testsuite> <!-- com.unosquare.FirstPostClass -->
